CRITICAL - 2022-03-17 01:29:15 --> CodeIgniter\View\View::main(): Failed opening required 'include/navbar.php' (include_path='C:\xampp\php\PEAR')
#0 [internal function]: CodeIgniter\Debug\Exceptions->shutdownHandler()
#1 {main}
CRITICAL - 2022-03-17 01:29:52 --> CodeIgniter\View\View::main(): Failed opening required '/templates/navbar.php' (include_path='C:\xampp\php\PEAR')
#0 [internal function]: CodeIgniter\Debug\Exceptions->shutdownHandler()
#1 {main}
CRITICAL - 2022-03-17 01:30:27 --> CodeIgniter\View\View::main(): Failed opening required '/views/templates/navbar.php' (include_path='C:\xampp\php\PEAR')
#0 [internal function]: CodeIgniter\Debug\Exceptions->shutdownHandler()
#1 {main}
CRITICAL - 2022-03-17 01:30:29 --> CodeIgniter\View\View::main(): Failed opening required '/views/templates/navbar.php' (include_path='C:\xampp\php\PEAR')
#0 [internal function]: CodeIgniter\Debug\Exceptions->shutdownHandler()
#1 {main}
CRITICAL - 2022-03-17 01:30:35 --> Invalid file: templates/sidebar.php
#0 C:\xampp\htdocs\birddog\system\View\View.php(198): CodeIgniter\Exceptions\FrameworkException::forInvalidFile('templates/sideb...')
#1 C:\xampp\htdocs\birddog\system\Common.php(1089): CodeIgniter\View\View->render('templates/sideb...', Array, true)
#2 C:\xampp\htdocs\birddog\app\Controllers\DashboardController.php(14): view('templates/sideb...')
#3 C:\xampp\htdocs\birddog\system\CodeIgniter.php(832): App\Controllers\DashboardController->index()
#4 C:\xampp\htdocs\birddog\system\CodeIgniter.php(419): CodeIgniter\CodeIgniter->runController(Object(App\Controllers\DashboardController))
#5 C:\xampp\htdocs\birddog\system\CodeIgniter.php(326): CodeIgniter\CodeIgniter->handleRequest(NULL, Object(Config\Cache), false)
#6 C:\xampp\htdocs\birddog\public\index.php(37): CodeIgniter\CodeIgniter->run()
#7 C:\xampp\htdocs\birddog\system\Commands\Server\rewrite.php(43): require_once('C:\\xampp\\htdocs...')
#8 {main}
