CRITICAL - 2022-03-16 06:47:15 --> CodeIgniter\View\View::main(): Failed opening required 'include/header-lp.php' (include_path='C:\xampp\php\PEAR')
#0 [internal function]: CodeIgniter\Debug\Exceptions->shutdownHandler()
#1 {main}
CRITICAL - 2022-03-16 06:47:32 --> CodeIgniter\View\View::main(): Failed opening required 'include/header-lp.php' (include_path='C:\xampp\php\PEAR')
#0 [internal function]: CodeIgniter\Debug\Exceptions->shutdownHandler()
#1 {main}
CRITICAL - 2022-03-16 06:49:09 --> Undefined variable: session
#0 C:\xampp\htdocs\birddog\app\Controllers\DashboardController.php(12): CodeIgniter\Debug\Exceptions->errorHandler(8, 'Undefined varia...', 'C:\\xampp\\htdocs...', 12, Array)
#1 C:\xampp\htdocs\birddog\system\CodeIgniter.php(832): App\Controllers\DashboardController->index()
#2 C:\xampp\htdocs\birddog\system\CodeIgniter.php(419): CodeIgniter\CodeIgniter->runController(Object(App\Controllers\DashboardController))
#3 C:\xampp\htdocs\birddog\system\CodeIgniter.php(326): CodeIgniter\CodeIgniter->handleRequest(NULL, Object(Config\Cache), false)
#4 C:\xampp\htdocs\birddog\public\index.php(37): CodeIgniter\CodeIgniter->run()
#5 C:\xampp\htdocs\birddog\system\Commands\Server\rewrite.php(43): require_once('C:\\xampp\\htdocs...')
#6 {main}
CRITICAL - 2022-03-16 06:54:28 --> CodeIgniter\View\View::main(): Failed opening required '/templates/header-lp.php' (include_path='C:\xampp\php\PEAR')
#0 [internal function]: CodeIgniter\Debug\Exceptions->shutdownHandler()
#1 {main}
CRITICAL - 2022-03-16 06:55:19 --> CodeIgniter\View\View::main(): Failed opening required '/views/templates/header-lp.php' (include_path='C:\xampp\php\PEAR')
#0 [internal function]: CodeIgniter\Debug\Exceptions->shutdownHandler()
#1 {main}
